生成启动时间为 3/15/2015 10:35:38 AM。
     1>项目“G:\document\cppproject\GaussianMixture\GaussianMixture\GaussianMixture.vcxproj”在节点 2 上(Rebuild 个目标)。
     1>ClCompile:
         C:\Program Files (x86)\Microsoft Visual Studio 12.0\VC\bin\CL.exe /c /I"G:\cpplib\eigen-eigen-10219c95fe65" /Zi /nologo /W3 /WX- /sdl /O2 /Oi /Oy- /GL /D WIN32 /D NDEBUG /D _CONSOLE /D _LIB /D _UNICODE /D UNICODE /Gm- /EHsc /MD /GS /Gy /fp:precise /Zc:wchar_t /Zc:forScope /Fo"Release\\" /Fd"Release\vc120.pdb" /Gd /TP /analyze- /errorReport:prompt ..\Source.cpp
         Source.cpp
     1>g:\document\cppproject\gaussianmixture\GaussianMixture.h(35): warning C4018: “<”: 有符号/无符号不匹配
                 g:\document\cppproject\gaussianmixture\GaussianMixture.h(324): 参见对正在编译的函数 模板 实例化“size_t adrianyu::max<Eigen::Block<Derived,1,-1,false>>(const InputVec &)”的引用
                 with
                 [
                     Derived=Eigen::Matrix<double,-1,-1,0,-1,-1>
         ,            InputVec=Eigen::Block<Eigen::Matrix<double,-1,-1,0,-1,-1>,1,-1,false>
                 ]
                 g:\document\cppproject\gaussianmixture\GaussianMixture.h(295): 编译类 模板 成员函数“int adrianyu::GaussianMixture<double,3,-1>::getPProbClass(const Eigen::Matrix<double,3,-1,0,3,-1> &,Eigen::Matrix<double,-1,-1,0,-1,-1> &,std::vector<int,std::allocator<_Ty>> &)”时
                 with
                 [
                     _Ty=int
                 ]
                 g:\document\cppproject\gaussianmixture\GaussianMixture.h(239): 参见对正在编译的函数 模板 实例化“int adrianyu::GaussianMixture<double,3,-1>::getPProbClass(const Eigen::Matrix<double,3,-1,0,3,-1> &,Eigen::Matrix<double,-1,-1,0,-1,-1> &,std::vector<int,std::allocator<_Ty>> &)”的引用
                 with
                 [
                     _Ty=int
                 ]
                 ..\Source.cpp(27): 参见对正在编译的类 模板 实例化“adrianyu::GaussianMixture<double,3,-1>”的引用
       Link:
         C:\Program Files (x86)\Microsoft Visual Studio 12.0\VC\bin\link.exe /ERRORREPORT:PROMPT /OUT:"G:\document\cppproject\GaussianMixture\Release\GaussianMixture.exe" /INCREMENTAL:NO /NOLOGO kernel32.lib user32.lib gdi32.lib winspool.lib comdlg32.lib advapi32.lib shell32.lib ole32.lib oleaut32.lib uuid.lib odbc32.lib odbccp32.lib /MANIFEST /MANIFESTUAC:"level='asInvoker' uiAccess='false'" /manifest:embed /DEBUG /PDB:"G:\document\cppproject\GaussianMixture\Release\GaussianMixture.pdb" /SUBSYSTEM:CONSOLE /OPT:REF /OPT:ICF /LTCG /TLBID:1 /DYNAMICBASE /NXCOMPAT /IMPLIB:"G:\document\cppproject\GaussianMixture\Release\GaussianMixture.lib" /MACHINE:X86 /SAFESEH Release\Source.obj
         正在生成代码
         已完成代码的生成
         GaussianMixture.vcxproj -> G:\document\cppproject\GaussianMixture\Release\GaussianMixture.exe
     1>已完成生成项目“G:\document\cppproject\GaussianMixture\GaussianMixture\GaussianMixture.vcxproj”(Rebuild 个目标)的操作。

生成成功。

已用时间 00:00:05.50
